{
  "stats": {
    "suites": 1,
    "tests": 1,
    "passes": 1,
    "pending": 0,
    "failures": 0,
    "start": "2021-08-22T21:08:44.554Z",
    "end": "2021-08-22T21:08:51.515Z",
    "duration": 6961,
    "testsRegistered": 1,
    "passPercent": 100,
    "pendingPercent": 0,
    "other": 0,
    "hasOther": false,
    "skipped": 0,
    "hasSkipped": false
  },
  "results": [
    {
      "uuid": "5c81517b-d80f-41f2-b83f-b175382e4faf",
      "title": "",
      "fullFile": "cypress\\integration\\automation-test-store\\add-multiple-items-to-basket.js",
      "file": "cypress\\integration\\automation-test-store\\add-multiple-items-to-basket.js",
      "beforeHooks": [],
      "afterHooks": [],
      "tests": [],
      "suites": [
        {
          "uuid": "1419f758-0ccd-4638-97c5-9a125da9f681",
          "title": "Add multiple items to basket - Improved version",
          "fullFile": "",
          "file": "",
          "beforeHooks": [],
          "afterHooks": [],
          "tests": [
            {
              "title": "Add specific items to basket",
              "fullTitle": "Add multiple items to basket - Improved version Add specific items to basket",
              "timedOut": null,
              "duration": 4525,
              "state": "passed",
              "speed": "slow",
              "pass": true,
              "fail": false,
              "pending": false,
              "context": null,
              "code": "autoStore_HairCare_PO.addHairCareProductsToBasket();",
              "err": {},
              "uuid": "a330b392-33a0-4c17-b25a-5f20467e1598",
              "parentUUID": "1419f758-0ccd-4638-97c5-9a125da9f681",
              "isHook": false,
              "skipped": false
            }
          ],
          "suites": [],
          "passes": [
            "a330b392-33a0-4c17-b25a-5f20467e1598"
          ],
          "failures": [],
          "pending": [],
          "skipped": [],
          "duration": 4525,
          "root": false,
          "rootEmpty": false,
          "_timeout": 2000
        }
      ],
      "passes": [],
      "failures": [],
      "pending": [],
      "skipped": [],
      "duration": 0,
      "root": true,
      "rootEmpty": true,
      "_timeout": 2000
    }
  ],
  "meta": {
    "mocha": {
      "version": "7.0.1"
    },
    "mochawesome": {
      "options": {
        "quiet": false,
        "reportFilename": "mochawesome",
        "saveHtml": false,
        "saveJson": true,
        "consoleReporter": "spec",
        "useInlineDiffs": false,
        "code": true
      },
      "version": "6.2.2"
    },
    "marge": {
      "options": {
        "id": "default",
        "reportDir": "cypress/results/mochawesome",
        "quite": true,
        "overwrite": false,
        "html": false,
        "json": true
      },
      "version": "5.2.0"
    }
  }
}