{
  "stats": {
    "suites": 1,
    "tests": 1,
    "passes": 0,
    "pending": 0,
    "failures": 1,
    "start": "2021-08-22T20:19:39.775Z",
    "end": "2021-08-22T20:19:51.138Z",
    "duration": 11363,
    "testsRegistered": 1,
    "passPercent": 0,
    "pendingPercent": 0,
    "other": 0,
    "hasOther": false,
    "skipped": 0,
    "hasSkipped": false
  },
  "results": [
    {
      "uuid": "9b21a18d-b3e4-4359-903c-c5270a0df2c5",
      "title": "",
      "fullFile": "cypress\\integration\\automation-test-store\\contact-us.js",
      "file": "cypress\\integration\\automation-test-store\\contact-us.js",
      "beforeHooks": [],
      "afterHooks": [],
      "tests": [],
      "suites": [
        {
          "uuid": "c9663d5f-06c1-4625-bf67-9bde801a5f32",
          "title": "Test Contact Us form via Automation Test Store",
          "fullFile": "",
          "file": "",
          "beforeHooks": [],
          "afterHooks": [],
          "tests": [
            {
              "title": "HAPPY PATH - from fixtures Should be able to submit a successful submission via contact us form",
              "fullTitle": "Test Contact Us form via Automation Test Store HAPPY PATH - from fixtures Should be able to submit a successful submission via contact us form",
              "timedOut": null,
              "duration": 5469,
              "state": "failed",
              "speed": null,
              "pass": false,
              "fail": true,
              "pending": false,
              "context": null,
              "code": "cy.visit(\"https://automationteststore.com/\");\ncy.get(\"a[href$= 'contact']\").click().then(function (linkText) {\n  cy.log(\"This is a link text: \" + linkText.text());\n});\ncy.get(\"@user\").then(function (user) {\n  cy.get('#ContactUsFrm_first_name').type(user.first_name);\n  cy.get('#ContactUsFrm_email').type(user.email);\n}); // cy.get('.info_links_footer > :nth-child(5) > a').click()\n//  BY XPATH\n// cy.xpath('//a[contains(@href, \"contact\")]').click()\ncy.get(\"a[href$= 'contact']\").click().then(function (linkText) {\n  cy.log(\"This is a link text: \" + linkText.text());\n});\ncy.get('#ContactUsFrm_email').should('have.attr', 'name', 'email');\ncy.get('#ContactUsFrm_enquiry').type(\"Iskreno ne znam zasto opet radim jedno te isto\"); // cy.get('.col-md-6 > .btn').click()\n// BY CSSs Selector\ncy.get('button[title = \"Submit\"]').click(); // Assertions\ncy.get('.mb40 > :nth-child(3)').should('have.text', 'Your enquiry has been successfully sent to the store owner!');\ncy.log(\"Test has completed!\");\nconsole.log(\"Test has completed\");",
              "err": {
                "message": "CypressError: `cy.click()` can only be called on a single element. Your subject contained 2 elements. Pass `{ multiple: true }` if you want to serially click each element.\n\nhttps://on.cypress.io/click",
                "estack": "CypressError: `cy.click()` can only be called on a single element. Your subject contained 2 elements. Pass `{ multiple: true }` if you want to serially click each element.\n\nhttps://on.cypress.io/click\n    at mouseAction (https://automationteststore.com/__cypress/runner/cypress_runner.js:151230:17)\n    at Context.click (https://automationteststore.com/__cypress/runner/cypress_runner.js:151374:14)\n    at Context.<anonymous> (https://automationteststore.com/__cypress/runner/cypress_runner.js:168170:21)\nFrom Your Spec Code:\n    at Context.eval (https://automationteststore.com/__cypress/tests?p=cypress\\integration\\automation-test-store\\contact-us.js:46:35)",
                "diff": null
              },
              "uuid": "d40aa0a4-88c5-4776-9cef-84f70d4e1aed",
              "parentUUID": "c9663d5f-06c1-4625-bf67-9bde801a5f32",
              "isHook": false,
              "skipped": false
            }
          ],
          "suites": [],
          "passes": [],
          "failures": [
            "d40aa0a4-88c5-4776-9cef-84f70d4e1aed"
          ],
          "pending": [],
          "skipped": [],
          "duration": 5469,
          "root": false,
          "rootEmpty": false,
          "_timeout": 2000
        }
      ],
      "passes": [],
      "failures": [],
      "pending": [],
      "skipped": [],
      "duration": 0,
      "root": true,
      "rootEmpty": true,
      "_timeout": 2000
    }
  ],
  "meta": {
    "mocha": {
      "version": "7.0.1"
    },
    "mochawesome": {
      "options": {
        "quiet": false,
        "reportFilename": "mochawesome",
        "saveHtml": false,
        "saveJson": true,
        "consoleReporter": "spec",
        "useInlineDiffs": false,
        "code": true
      },
      "version": "6.2.2"
    },
    "marge": {
      "options": {
        "id": "default",
        "reportDir": "cypress/results/mochawesome",
        "quite": true,
        "overwrite": false,
        "html": false,
        "json": true
      },
      "version": "5.2.0"
    }
  }
}